[2025-12-09 10:24:46] === Starting Gold Price Tracker ===
[2025-12-09 10:24:46] Delay of 1 seconds
[2025-12-09 10:24:47] Extracting gold and silver data...
[2025-12-09 10:24:47] Fetching gold/silver data...
[2025-12-09 10:24:48] Gold: $[2025-12-09 | Change: -7 (%) | Monthly: -62 (%)
[2025-12-09 10:24:48] Silver: $10:24:47] | Change: -.14 (%) | Monthly: 1.15 (%)
[2025-12-09 10:24:48] Inserting gold data into database...
mysql: [Warning] Using a password on the command line interface can be insecure.
ERROR 1064 (42000) at line 1: You have an error in your SQL syntax; check the manual that corresponds to your MySQL server version for the right syntax to use near '[2025-12-09,
    10:24:47],
    Extracting,
    gold,
    and,
    CURDATE()
)
O' at line 11
[2025-12-09 10:24:48] ✗ Failed to insert gold data
[2025-12-09 10:24:48] Inserting silver data into database...
mysql: [Warning] Using a password on the command line interface can be insecure.
ERROR 1064 (42000) at line 1: You have an error in your SQL syntax; check the manual that corresponds to your MySQL server version for the right syntax to use near '..,
    [2025-12-09,
    10:24:48],
    Gold:,
    CURDATE()
)
ON DUPLICATE KEY ' at line 12
[2025-12-09 10:24:48] ✗ Failed to insert silver data
[2025-12-09 10:24:48] === Tracker completed successfully ===
[2025-12-09 10:25:13] === Starting Gold Price Tracker ===
[2025-12-09 10:25:13] Delay of 3 seconds
[2025-12-09 10:25:16] Extracting gold and silver data...
[2025-12-09 10:25:16] Fetching gold/silver data...
[2025-12-09 10:25:17] Gold: $[2025-12-09 | Change: 7 (0%) | Monthly: -36 (0%)
[2025-12-09 10:25:17] Silver: $10:25:16] | Change: .40 (0%) | Monthly: .69 (0%)
[2025-12-09 10:25:17] ERROR: Failed to extract data properly
[2025-12-09 10:27:03] === Starting Gold Price Tracker ===
[2025-12-09 10:27:03] Testing MySQL connection...
[2025-12-09 10:27:03] MySQL connection successful
[2025-12-09 10:27:03] Fetching current gold price...
[2025-12-09 10:27:04] Gold price fetched: $4221.15
[2025-12-09 10:27:04] Fetching current silver price...
[2025-12-09 10:27:04] Silver price fetched: $58.62
[2025-12-09 10:27:04] Current prices - Gold: $4221.15, Silver: $58.62
[2025-12-09 10:27:04] Calculating changes for gold...
[2025-12-09 10:27:04] Calculating changes for silver...
[2025-12-09 10:27:04] Inserting gold data...
mysql: [Warning] Using a password on the command line interface can be insecure.
[2025-12-09 10:27:05] Gold data inserted
[2025-12-09 10:27:05] Inserting silver data...
mysql: [Warning] Using a password on the command line interface can be insecure.
[2025-12-09 10:27:05] Silver data inserted/updated
[2025-12-09 10:27:05] === Tracker completed successfully ===
[2025-12-09 10:27:37] === Starting Gold Price Tracker ===
[2025-12-09 10:27:37] Testing MySQL connection...
[2025-12-09 10:27:37] MySQL connection successful
[2025-12-09 10:27:37] Fetching current gold price...
[2025-12-09 10:27:38] Gold price fetched: $4226.10
[2025-12-09 10:27:38] Fetching current silver price...
[2025-12-09 10:27:39] Silver price fetched: $58.56
[2025-12-09 10:27:39] Calculating changes for gold...
[2025-12-09 10:27:39] Calculating changes for silver...
[2025-12-09 10:27:39] Inserting gold data...
mysql: [Warning] Using a password on the command line interface can be insecure.
[2025-12-09 10:27:39] Gold data inserted
[2025-12-09 10:27:39] Inserting silver data...
mysql: [Warning] Using a password on the command line interface can be insecure.
[2025-12-09 10:27:39] Silver data inserted/updated
[2025-12-09 10:27:39] === Tracker completed successfully ===
[2025-12-09 14:01:06] === Starting Gold Price Tracker ===
[2025-12-09 14:01:06] Testing MySQL connection...
[2025-12-09 14:01:06] MySQL connection successful
[2025-12-09 14:01:06] Fetching current gold price...
[2025-12-09 14:01:07] Gold price fetched: $4206.80
[2025-12-09 14:01:07] Fetching current silver price...
[2025-12-09 14:01:07] Silver price fetched: $58.52
[2025-12-09 14:01:07] Calculating changes for gold...
[2025-12-09 14:01:07] Calculating changes for silver...
[2025-12-09 14:01:07] Inserting gold data...
mysql: [Warning] Using a password on the command line interface can be insecure.
[2025-12-09 14:01:07] Gold data inserted
[2025-12-09 14:01:07] Inserting silver data...
mysql: [Warning] Using a password on the command line interface can be insecure.
[2025-12-09 14:01:07] Silver data inserted/updated
[2025-12-09 14:01:07] === Tracker completed successfully ===
