[2025-12-10 00:40:26] === Starting Gold Price Tracker ===
[2025-12-10 00:40:26] Testing MySQL connection...
[2025-12-10 00:40:26] MySQL connection successful
[2025-12-10 00:40:26] Fetching current gold price...
[2025-12-10 00:40:27] Gold price fetched: $4241.60
[2025-12-10 00:40:27] Fetching current silver price...
[2025-12-10 00:40:27] Silver price fetched: $60.91
[2025-12-10 00:40:27] Calculating changes for gold...
[2025-12-10 00:40:28] Calculating changes for silver...
[2025-12-10 00:40:28] Inserting gold data...
mysql: [Warning] Using a password on the command line interface can be insecure.
[2025-12-10 00:40:28] Gold data inserted
[2025-12-10 00:40:28] Inserting silver data...
mysql: [Warning] Using a password on the command line interface can be insecure.
[2025-12-10 00:40:28] Silver data inserted/updated
[2025-12-10 00:40:28] === Tracker completed successfully ===
[2025-12-10 11:34:45] === Starting Gold Price Tracker ===
[2025-12-10 11:34:45] Testing MySQL connection...
[2025-12-10 11:34:45] MySQL connection successful
[2025-12-10 11:34:45] Fetching current gold price...
[2025-12-10 11:34:46] Gold price fetched: $4239.05
[2025-12-10 11:34:46] Fetching current silver price...
[2025-12-10 11:34:47] Silver price fetched: $61.53
[2025-12-10 11:34:47] Calculating changes for gold...
[2025-12-10 11:34:47] Calculating changes for silver...
[2025-12-10 11:34:47] Inserting gold data...
mysql: [Warning] Using a password on the command line interface can be insecure.
[2025-12-10 11:34:47] Gold data inserted
[2025-12-10 11:34:47] Inserting silver data...
mysql: [Warning] Using a password on the command line interface can be insecure.
[2025-12-10 11:34:47] Silver data inserted/updated
[2025-12-10 11:34:47] === Tracker completed successfully ===
[2025-12-10 14:19:45] === Starting Gold Price Tracker ===
[2025-12-10 14:19:45] Testing MySQL connection...
[2025-12-10 14:19:45] MySQL connection successful
[2025-12-10 14:19:45] Fetching current gold price...
[2025-12-10 14:19:46] Gold price fetched: $4238.25
[2025-12-10 14:19:46] Fetching current silver price...
[2025-12-10 14:19:47] Silver price fetched: $61.79
[2025-12-10 14:19:47] Calculating changes for gold...
[2025-12-10 14:19:47] Calculating changes for silver...
[2025-12-10 14:19:47] Inserting gold data...
mysql: [Warning] Using a password on the command line interface can be insecure.
[2025-12-10 14:19:47] Gold data inserted
[2025-12-10 14:19:47] Inserting silver data...
mysql: [Warning] Using a password on the command line interface can be insecure.
[2025-12-10 14:19:47] Silver data inserted/updated
[2025-12-10 14:19:47] === Tracker completed successfully ===
[2025-12-10 15:25:47] === Starting Gold Price Tracker ===
[2025-12-10 15:25:47] Testing MySQL connection...
[2025-12-10 15:25:47] MySQL connection successful
[2025-12-10 15:25:47] Fetching current gold price...
[2025-12-10 15:25:48] Gold price fetched: $4233.55
[2025-12-10 15:25:48] Fetching current silver price...
[2025-12-10 15:25:48] Silver price fetched: $61.97
[2025-12-10 15:25:48] Calculating changes for gold...
[2025-12-10 15:25:48] Calculating changes for silver...
[2025-12-10 15:25:48] Inserting gold data...
mysql: [Warning] Using a password on the command line interface can be insecure.
[2025-12-10 15:25:48] Gold data inserted
[2025-12-10 15:25:48] Inserting silver data...
mysql: [Warning] Using a password on the command line interface can be insecure.
[2025-12-10 15:25:48] Silver data inserted/updated
[2025-12-10 15:25:48] === Tracker completed successfully ===
[2025-12-10 21:01:09] === Starting Gold Price Tracker ===
[2025-12-10 21:01:09] Testing MySQL connection...
[2025-12-10 21:01:09] MySQL connection successful
[2025-12-10 21:01:09] Fetching current gold price...
[2025-12-10 21:01:11] Gold price fetched: $4225.75
[2025-12-10 21:01:11] Fetching current silver price...
[2025-12-10 21:01:11] Silver price fetched: $61.50
[2025-12-10 21:01:11] Calculating changes for gold...
[2025-12-10 21:01:11] Calculating changes for silver...
[2025-12-10 21:01:12] Inserting gold data...
mysql: [Warning] Using a password on the command line interface can be insecure.
[2025-12-10 21:01:12] Gold data inserted
[2025-12-10 21:01:12] Inserting silver data...
mysql: [Warning] Using a password on the command line interface can be insecure.
[2025-12-10 21:01:12] Silver data inserted/updated
[2025-12-10 21:01:12] === Tracker completed successfully ===
